Arguments: 
  D:\Node.js\node.exe D:\Node.js\node_global\node_modules\yarn\bin\yarn.js i

PATH: 
  D:\Xshell\;D:\Xshell\Xshell7_42776\;D:\Xftp\;C:\Windows\system32;C:\Windows;C:\Windows\System32\Wbem;C:\Windows\System32\WindowsPowerShell\v1.0\;C:\Windows\System32\OpenSSH\;D:\JAVA\jdk\bin;D:\Python;D:\Node.js\;C:\Program Files\MySQL\MySQL Server 5.7\bin;D:\MongoDB\bin;D:\Asdk\tools;D:\Asdk\platform-tools;C:\Program Files (x86)\Intel\Intel(R) Management Engine Components\DAL;C:\Program Files\Intel\Intel(R) Management Engine Components\DAL;D:\Python\Scripts\;D:\Python\;C:\Users\Administrator\AppData\Local\Microsoft\WindowsApps;D:\Pycharm\PyCharm 2020.1\bin;D:\IDEA\IntelliJ IDEA 2019.3.3\bin;D:\Node.js\node_global

Yarn version: 
  1.22.10

Node version: 
  12.16.3

Platform: 
  win32 x64

Trace: 
  SyntaxError: F:\JS\React\zz\package.json: Unexpected token } in JSON at position 53
      at JSON.parse (<anonymous>)
      at D:\Node.js\node_global\node_modules\yarn\lib\cli.js:1625:59
      at Generator.next (<anonymous>)
      at step (D:\Node.js\node_global\node_modules\yarn\lib\cli.js:310:30)
      at D:\Node.js\node_global\node_modules\yarn\lib\cli.js:321:13

npm manifest: 
  {
    "private": true,
    "workspaces": ["lcz", "zys"],
  }

yarn manifest: 
  No manifest

Lockfile: 
  No lockfile
